proguard/seeds.txt
org.jonblack.bluetrack.R$drawable: int logo
org.jonblack.bluetrack.R$id: int menu_toggle_tracking
org.jonblack.bluetrack.R$id: int tab_fragment_container
org.jonblack.bluetrack.R$layout: int devices_list
org.jonblack.bluetrack.R$layout: int live_tracking_list
org.jonblack.bluetrack.R$layout: int main_activity
org.jonblack.bluetrack.R$menu: int action_bar
org.jonblack.bluetrack.R$string: int ab_start_tracking
org.jonblack.bluetrack.R$string: int ab_stop_tracking
org.jonblack.bluetrack.R$string: int ab_tab_devices
org.jonblack.bluetrack.R$string: int ab_tab_live_tracking
org.jonblack.bluetrack.R$string: int ab_tab_sessions
org.jonblack.bluetrack.R$string: int app_name
org.jonblack.bluetrack.R$string: int button_exit
org.jonblack.bluetrack.R$string: int error_bluetooth_not_supported
org.jonblack.bluetrack.R$string: int live_tracking_off_list_empty
org.jonblack.bluetrack.R$string: int live_tracking_on_list_empty
org.jonblack.bluetrack.R$string: int notification_tracking
org.jonblack.bluetrack.R$string: int toast_tracking_started
org.jonblack.bluetrack.R$string: int toast_tracking_stopped
org.jonblack.bluetrack.R$style: int AppBaseTheme
org.jonblack.bluetrack.R$style: int AppTheme
org.jonblack.bluetrack.activities.MainActivity
org.jonblack.bluetrack.activities.MainActivity: MainActivity()
org.jonblack.bluetrack.services.BluetoothLogService
org.jonblack.bluetrack.services.BluetoothLogService: BluetoothLogService()
org.jonblack.bluetrack.storage.BluetrackContentProvider
org.jonblack.bluetrack.storage.BluetrackContentProvider: BluetrackContentProvider()
...
android.support.v4.app.BackStackState
android.support.v4.app.BackStackState: android.os.Parcelable$Creator CREATOR
android.support.v4.app.Fragment$SavedState
android.support.v4.app.Fragment$SavedState: android.os.Parcelable$Creator CREATOR
android.support.v4.app.FragmentManagerState
android.support.v4.app.FragmentManagerState: android.os.Parcelable$Creator CREATOR
android.support.v4.app.FragmentState
android.support.v4.app.FragmentState: android.os.Parcelable$Creator CREATOR
android.support.v4.app.FragmentTabHost: void setOnTabChangedListener(android.widget.TabHost$OnTabChangeListener)
android.support.v4.app.FragmentTabHost$SavedState
android.support.v4.app.FragmentTabHost$SavedState: android.os.Parcelable$Creator CREATOR
android.support.v4.content.ModernAsyncTask$Status: android.support.v4.content.ModernAsyncTask$Status[] values()
android.support.v4.content.ModernAsyncTask$Status: android.support.v4.content.ModernAsyncTask$Status valueOf(java.lang.String)
android.support.v4.view.PagerTabStrip: void setTabIndicatorColor(int)
android.support.v4.view.PagerTabStrip: void setTabIndicatorColorResource(int)
android.support.v4.view.PagerTabStrip: int getTabIndicatorColor()
android.support.v4.view.PagerTabStrip: void setTextSpacing(int)
android.support.v4.view.PagerTabStrip: void setBackgroundDrawable(android.graphics.drawable.Drawable)
android.support.v4.view.PagerTabStrip: void setBackgroundColor(int)
android.support.v4.view.PagerTabStrip: void setBackgroundResource(int)
android.support.v4.view.PagerTabStrip: void setDrawFullUnderline(boolean)
android.support.v4.view.PagerTabStrip: boolean getDrawFullUnderline()
android.support.v4.view.PagerTabStrip: int getMinHeight()
android.support.v4.view.PagerTitleStrip: void setSingleLineAllCaps(android.widget.TextView)
android.support.v4.view.PagerTitleStrip: void setTextSpacing(int)
android.support.v4.view.PagerTitleStrip: int getTextSpacing()
android.support.v4.view.PagerTitleStrip: void setNonPrimaryAlpha(float)
android.support.v4.view.PagerTitleStrip: void setTextColor(int)
android.support.v4.view.PagerTitleStrip: void setGravity(int)
android.support.v4.view.PagerTitleStrip: int getMinHeight()
android.support.v4.view.ViewPager: void setScrollState(int)
android.support.v4.view.ViewPager: void setAdapter(android.support.v4.view.PagerAdapter)
android.support.v4.view.ViewPager: android.support.v4.view.PagerAdapter getAdapter()
android.support.v4.view.ViewPager: void setOnAdapterChangeListener(android.support.v4.view.ViewPager$OnAdapterChangeListener)
android.support.v4.view.ViewPager: void setCurrentItem(int)
android.support.v4.view.ViewPager: int getCurrentItem()
android.support.v4.view.ViewPager: void setOnPageChangeListener(android.support.v4.view.ViewPager$OnPageChangeListener)
android.support.v4.view.ViewPager: void setChildrenDrawingOrderEnabledCompat(boolean)
android.support.v4.view.ViewPager: int getOffscreenPageLimit()
android.support.v4.view.ViewPager: void setOffscreenPageLimit(int)
android.support.v4.view.ViewPager: void setPageMargin(int)
android.support.v4.view.ViewPager: int getPageMargin()
android.support.v4.view.ViewPager: void setPageMarginDrawable(android.graphics.drawable.Drawable)
android.support.v4.view.ViewPager: void setPageMarginDrawable(int)
android.support.v4.view.ViewPager: void setScrollingCacheEnabled(boolean)
android.support.v4.view.ViewPager$SavedState
android.support.v4.view.ViewPager$SavedState: android.os.Parcelable$Creator CREATOR