proguard/mapping.txt
org.jonblack.bluetrack.activities.DevicesFragment -> org.jonblack.bluetrack.activities.a:
    android.widget.SimpleCursorAdapter mAdapter -> a
    android.view.View onCreateView(android.view.LayoutInflater,android.view.ViewGroup,android.os.Bundle) -> onCreateView
    void onDestroyView() -> onDestroyView
    void onActivityCreated(android.os.Bundle) -> onActivityCreated
    android.content.Loader onCreateLoader(int,android.os.Bundle) -> onCreateLoader
    void onLoadFinished(android.content.Loader,android.database.Cursor) -> a
    void onLoaderReset(android.content.Loader) -> onLoaderReset
    void onLoadFinished(android.content.Loader,java.lang.Object) -> onLoadFinished
org.jonblack.bluetrack.activities.LiveTrackingFragment -> org.jonblack.bluetrack.activities.b:
    android.content.Intent mBluetoothLogServiceIntent -> b
    boolean mTracking -> c
    long mSessionId -> d
    android.widget.SimpleCursorAdapter mAdapter -> e
    android.content.BroadcastReceiver mBtStateChangedReceiver -> f
    boolean $assertionsDisabled -> a
    android.view.View onCreateView(android.view.LayoutInflater,android.view.ViewGroup,android.os.Bundle) -> onCreateView
    void onDestroyView() -> onDestroyView
    void onActivityCreated(android.os.Bundle) -> onActivityCreated
    android.content.Loader onCreateLoader(int,android.os.Bundle) -> onCreateLoader
    void onLoadFinished(android.content.Loader,android.database.Cursor) -> a
    void onLoaderReset(android.content.Loader) -> onLoaderReset
    void startBluetoothLogService() -> a
    void stopBluetoothLogService() -> b
    void onCreateOptionsMenu(android.view.Menu,android.view.MenuInflater) -> onCreateOptionsMenu
    void onPrepareOptionsMenu(android.view.Menu) -> onPrepareOptionsMenu
    boolean onOptionsItemSelected(android.view.MenuItem) -> onOptionsItemSelected
    void onSaveInstanceState(android.os.Bundle) -> onSaveInstanceState
    void addSession() -> c
    void finalizeSession() -> d
    void onActivityResult(int,int,android.content.Intent) -> onActivityResult
    void onLoadFinished(android.content.Loader,java.lang.Object) -> onLoadFinished
org.jonblack.bluetrack.activities.LiveTrackingFragment$1 -> org.jonblack.bluetrack.activities.c:
    org.jonblack.bluetrack.activities.LiveTrackingFragment this$0 -> a
    void onReceive(android.content.Context,android.content.Intent) -> onReceive
org.jonblack.bluetrack.activities.MainActivity -> org.jonblack.bluetrack.activities.MainActivity:
    void onCreate(android.os.Bundle) -> onCreate
    void onDestroy() -> onDestroy
    void onSaveInstanceState(android.os.Bundle) -> onSaveInstanceState
    void onRestoreInstanceState(android.os.Bundle) -> onRestoreInstanceState
    void onBackPressed() -> onBackPressed
org.jonblack.bluetrack.activities.MainActivity$1 -> org.jonblack.bluetrack.activities.d:
    org.jonblack.bluetrack.activities.MainActivity this$0 -> a
    void onClick(android.content.DialogInterface,int) -> onClick
org.jonblack.bluetrack.activities.MainActivity$TabListener -> org.jonblack.bluetrack.activities.e:
    android.app.Activity mActivity -> a
    java.lang.String mTag -> b
    java.lang.Class mClass -> c
    android.os.Bundle mArgs -> d
    android.app.Fragment mFragment -> e
    void onTabSelected(android.app.ActionBar$Tab,android.app.FragmentTransaction) -> onTabSelected
    void onTabUnselected(android.app.ActionBar$Tab,android.app.FragmentTransaction) -> onTabUnselected
    void onTabReselected(android.app.ActionBar$Tab,android.app.FragmentTransaction) -> onTabReselected
...
android.support.v4.app.NotificationCompat -> android.support.v4.app.ab:
    android.support.v4.app.NotificationCompat$NotificationCompatImpl IMPL -> a
    android.support.v4.app.NotificationCompat$NotificationCompatImpl access$000() -> a
android.support.v4.app.NotificationCompat$Action -> android.support.v4.app.ac:
    int icon -> a
    java.lang.CharSequence title -> b
    android.app.PendingIntent actionIntent -> c
android.support.v4.app.NotificationCompat$BigPictureStyle -> android.support.v4.app.ad:
    android.graphics.Bitmap mPicture -> a
android.support.v4.app.NotificationCompat$BigTextStyle -> android.support.v4.app.ae:
    java.lang.CharSequence mBigText -> a
android.support.v4.app.NotificationCompat$Builder -> android.support.v4.app.af:
    android.content.Context mContext -> a
    java.lang.CharSequence mContentTitle -> b
    java.lang.CharSequence mContentText -> c
    android.app.PendingIntent mContentIntent -> d
    android.app.PendingIntent mFullScreenIntent -> e
    android.widget.RemoteViews mTickerView -> f
    android.graphics.Bitmap mLargeIcon -> g
    java.lang.CharSequence mContentInfo -> h
    int mNumber -> i
    int mPriority -> j
    boolean mUseChronometer -> k
    android.support.v4.app.NotificationCompat$Style mStyle -> l
    java.lang.CharSequence mSubText -> m
    int mProgressMax -> n
    int mProgress -> o
    boolean mProgressIndeterminate -> p
    java.util.ArrayList mActions -> q
    android.app.Notification mNotification -> r
    android.support.v4.app.NotificationCompat$Builder setSmallIcon(int) -> a
    android.support.v4.app.NotificationCompat$Builder setContentTitle(java.lang.CharSequence) -> a
    android.support.v4.app.NotificationCompat$Builder setContentText(java.lang.CharSequence) -> b
    android.support.v4.app.NotificationCompat$Builder setContentIntent(android.app.PendingIntent) -> a
    android.app.Notification build() -> a
android.support.v4.app.NotificationCompat$InboxStyle -> android.support.v4.app.ag:
    java.util.ArrayList mTexts -> a
android.support.v4.app.NotificationCompat$NotificationCompatImpl -> android.support.v4.app.ah:
    android.app.Notification build(android.support.v4.app.NotificationCompat$Builder) -> a
android.support.v4.app.NotificationCompat$NotificationCompatImplBase -> android.support.v4.app.ai:
    android.app.Notification build(android.support.v4.app.NotificationCompat$Builder) -> a
android.support.v4.app.NotificationCompat$NotificationCompatImplHoneycomb -> android.support.v4.app.aj:
    android.app.Notification build(android.support.v4.app.NotificationCompat$Builder) -> a
android.support.v4.app.NotificationCompat$NotificationCompatImplIceCreamSandwich -> android.support.v4.app.ak:
    android.app.Notification build(android.support.v4.app.NotificationCompat$Builder) -> a
android.support.v4.app.NotificationCompat$NotificationCompatImplJellybean -> android.support.v4.app.al:
    android.app.Notification build(android.support.v4.app.NotificationCompat$Builder) -> a
android.support.v4.app.NotificationCompat$Style -> android.support.v4.app.am:
    java.lang.CharSequence mBigContentTitle -> b
    java.lang.CharSequence mSummaryText -> c
    boolean mSummaryTextSet -> d
android.support.v4.app.NotificationCompatHoneycomb -> android.support.v4.app.an:
    android.app.Notification add(android.content.Context,android.app.Notification,java.lang.CharSequence,java.lang.CharSequence,java.lang.CharSequence,android.widget.RemoteViews,int,android.app.PendingIntent,android.app.PendingIntent,android.graphics.Bitmap) -> a
android.support.v4.app.NotificationCompatIceCreamSandwich -> android.support.v4.app.ao:
    android.app.Notification add(android.content.Context,android.app.Notification,java.lang.CharSequence,java.lang.CharSequence,java.lang.CharSequence,android.widget.RemoteViews,int,android.app.PendingIntent,android.app.PendingIntent,android.graphics.Bitmap,int,int,boolean) -> a