proguard/usage.txt
org.jonblack.bluetrack.BluetrackIdentifiers
org.jonblack.bluetrack.BuildConfig
org.jonblack.bluetrack.Device
org.jonblack.bluetrack.DeviceDiscovery
org.jonblack.bluetrack.R
org.jonblack.bluetrack.R$attr
org.jonblack.bluetrack.R$drawable
org.jonblack.bluetrack.R$id
org.jonblack.bluetrack.R$layout
org.jonblack.bluetrack.R$menu
org.jonblack.bluetrack.R$string
org.jonblack.bluetrack.R$style
org.jonblack.bluetrack.Session
org.jonblack.bluetrack.activities.LiveTrackingFragment:
    private static final java.lang.String TAG
    private static final int REQUEST_ENABLE_BT
org.jonblack.bluetrack.activities.MainActivity:
    private static final java.lang.String TAG
org.jonblack.bluetrack.services.BluetoothLogService:
    private static final java.lang.String TAG
    179:180:public void setSessionId(long)
org.jonblack.bluetrack.storage.BluetrackContentProvider:
    private static final java.lang.String TAG
    public static final java.lang.String AUTHORITY
    private static final int DEVICE
    private static final int DEVICE_ID
    private static final int DISCOVERY
    private static final int DISCOVERY_ID
    private static final int SESSION
    private static final int SESSION_ID
    283:283:public android.database.sqlite.SQLiteOpenHelper getDatabaseHelper()
org.jonblack.bluetrack.storage.BluetrackOpenHelper:
    private static final java.lang.String TAG
    private static final java.lang.String DB_NAME
    private static final int DB_VERSION
org.jonblack.bluetrack.storage.DeviceDiscoveryTable:
    private static final java.lang.String TAG
    public static final java.lang.String TABLE_NAME
    public static final java.lang.String COL_ID
    private static final java.lang.String DATABASE_CREATE
org.jonblack.bluetrack.storage.DeviceTable:
    private static final java.lang.String TAG
    public static final java.lang.String TABLE_NAME
    public static final java.lang.String COL_ID
    private static final java.lang.String DATABASE_CREATE
org.jonblack.bluetrack.storage.SessionTable:
    private static final java.lang.String TAG
    public static final java.lang.String TABLE_NAME
    public static final java.lang.String COL_ID
    private static final java.lang.String DATABASE_CREATE
...
android.support.v4.net.ConnectivityManagerCompat
android.support.v4.net.ConnectivityManagerCompat$BaseConnectivityManagerCompatImpl
android.support.v4.net.ConnectivityManagerCompat$ConnectivityManagerCompatImpl
android.support.v4.net.ConnectivityManagerCompat$GingerbreadConnectivityManagerCompatImpl
android.support.v4.net.ConnectivityManagerCompat$HoneycombMR2ConnectivityManagerCompatImpl
android.support.v4.net.ConnectivityManagerCompat$JellyBeanConnectivityManagerCompatImpl
android.support.v4.net.ConnectivityManagerCompatGingerbread
android.support.v4.net.ConnectivityManagerCompatHoneycombMR2
android.support.v4.net.ConnectivityManagerCompatJellyBean
android.support.v4.net.TrafficStatsCompat
android.support.v4.net.TrafficStatsCompat$1
android.support.v4.net.TrafficStatsCompat$BaseTrafficStatsCompatImpl
android.support.v4.net.TrafficStatsCompat$BaseTrafficStatsCompatImpl$1
android.support.v4.net.TrafficStatsCompat$BaseTrafficStatsCompatImpl$SocketTags
android.support.v4.net.TrafficStatsCompat$IcsTrafficStatsCompatImpl
android.support.v4.net.TrafficStatsCompat$TrafficStatsCompatImpl
android.support.v4.net.TrafficStatsCompatIcs
android.support.v4.os.ParcelableCompat:
    26:42:public ParcelableCompat()
android.support.v4.os.ParcelableCompatCreatorHoneycombMR2Stub:
    22:22:ParcelableCompatCreatorHoneycombMR2Stub()
android.support.v4.util.AtomicFile
android.support.v4.util.DebugUtils:
    25:25:public DebugUtils()
android.support.v4.util.LongSparseArray
android.support.v4.util.LruCache
android.support.v4.util.SparseArrayCompat:
    52:52:public java.lang.Object get(int)
    60:65:public java.lang.Object get(int,java.lang.Object)
    73:81:public void delete(int)
    87:88:public void remove(int)
    94:98:public void removeAt(int)
    107:111:public void removeAtRange(int,int)
    146:190:public void put(int,java.lang.Object)
    236:241:public void setValueAt(int,java.lang.Object)
    249:253:public int indexOfKey(int)
    265:273:public int indexOfValue(java.lang.Object)
    296:323:public void append(int,java.lang.Object)
    326:342:private static int binarySearch(int[],int,int,int)
android.support.v4.util.TimeUtils
android.support.v4.view.AccessibilityDelegateCompat
android.support.v4.view.AccessibilityDelegateCompat$AccessibilityDelegateIcsImpl
android.support.v4.view.AccessibilityDelegateCompat$AccessibilityDelegateIcsImpl$1
android.support.v4.view.AccessibilityDelegateCompat$AccessibilityDelegateImpl
android.support.v4.view.AccessibilityDelegateCompat$AccessibilityDelegateJellyBeanImpl
android.support.v4.view.AccessibilityDelegateCompat$AccessibilityDelegateJellyBeanImpl$1
android.support.v4.view.AccessibilityDelegateCompat$AccessibilityDelegateStubImpl
android.support.v4.view.AccessibilityDelegateCompatIcs
android.support.v4.view.AccessibilityDelegateCompatIcs$1
android.support.v4.view.AccessibilityDelegateCompatIcs$AccessibilityDelegateBridge
android.support.v4.view.AccessibilityDelegateCompatJellyBean
android.support.v4.view.AccessibilityDelegateCompatJellyBean$1
android.support.v4.view.AccessibilityDelegateCompatJellyBean$AccessibilityDelegateBridgeJellyBean
android.support.v4.view.GestureDetectorCompat
android.support.v4.view.GestureDetectorCompat$GestureDetectorCompatImpl
android.support.v4.view.GestureDetectorCompat$GestureDetectorCompatImplBase
android.support.v4.view.GestureDetectorCompat$GestureDetectorCompatImplBase$GestureHandler
android.support.v4.view.GestureDetectorCompat$GestureDetectorCompatImplJellybeanMr1
android.support.v4.view.KeyEventCompat:
    25:95:public KeyEventCompat()
    127:127:public static int normalizeMetaState(int)
    131:131:public static boolean metaStateHasModifiers(int,int)
    135:135:public static boolean metaStateHasNoModifiers(int)
android.support.v4.view.KeyEventCompat$BaseKeyEventVersionImpl:
    private static final int META_MODIFIER_MASK
    private static final int META_ALL_MASK